Using pre-set license
Built from '2021.3/staging' branch; Version is '2021.3.13f1 (9e7d58001ecf) revision 10386776'; Using compiler version '192829333'; Build Type 'Release'
OS: 'Windows 11  (10.0.22621) 64bit CoreSingleLanguage' Language: 'es' Physical Memory: 12057 MB
BatchMode: 1, IsHumanControllingUs: 0, StartBugReporterOnCrash: 0, Is64bit: 1, IsPro: 1

COMMAND LINE ARGUMENTS:
C:\2021.3.13f1\Editor\Unity.exe
-adb2
-batchMode
-noUpm
-name
AssetImportWorker1
-projectPath
C:/Users/benjo/OneDrive/Escritorio/Mi-amor-por-Cuba
-logFile
Logs/AssetImportWorker1.log
-srvPort
50638
Successfully changed project path to: C:/Users/benjo/OneDrive/Escritorio/Mi-amor-por-Cuba
C:/Users/benjo/OneDrive/Escritorio/Mi-amor-por-Cuba
[UnityMemory] Configuration Parameters - Can be set up in boot.config
    "memorysetup-bucket-allocator-granularity=16"
    "memorysetup-bucket-allocator-bucket-count=8"
    "memorysetup-bucket-allocator-block-size=33554432"
    "memorysetup-bucket-allocator-block-count=8"
    "memorysetup-main-allocator-block-size=16777216"
    "memorysetup-thread-allocator-block-size=16777216"
    "memorysetup-gfx-main-allocator-block-size=16777216"
    "memorysetup-gfx-thread-allocator-block-size=16777216"
    "memorysetup-cache-allocator-block-size=4194304"
    "memorysetup-typetree-allocator-block-size=2097152"
    "memorysetup-profiler-bucket-allocator-granularity=16"
    "memorysetup-profiler-bucket-allocator-bucket-count=8"
    "memorysetup-profiler-bucket-allocator-block-size=33554432"
    "memorysetup-profiler-bucket-allocator-block-count=8"
    "memorysetup-profiler-allocator-block-size=16777216"
    "memorysetup-profiler-editor-allocator-block-size=1048576"
    "memorysetup-temp-allocator-size-main=16777216"
    "memorysetup-job-temp-allocator-block-size=2097152"
    "memorysetup-job-temp-allocator-block-size-background=1048576"
    "memorysetup-job-temp-allocator-reduction-small-platforms=262144"
    "memorysetup-temp-allocator-size-background-worker=32768"
    "memorysetup-temp-allocator-size-job-worker=262144"
    "memorysetup-temp-allocator-size-preload-manager=33554432"
    "memorysetup-temp-allocator-size-nav-mesh-worker=65536"
    "memorysetup-temp-allocator-size-audio-worker=65536"
    "memorysetup-temp-allocator-size-cloud-worker=32768"
    "memorysetup-temp-allocator-size-gi-baking-worker=262144"
    "memorysetup-temp-allocator-size-gfx=262144"
Refreshing native plugins compatible for Editor in 62.68 ms, found 2 plugins.
Preloading 0 native plugins for Editor in 0.00 ms.
Initialize engine version: 2021.3.13f1 (9e7d58001ecf)
[Subsystems] Discovering subsystems at path C:/2021.3.13f1/Editor/Data/Resources/UnitySubsystems
[Subsystems] Discovering subsystems at path C:/Users/benjo/OneDrive/Escritorio/Mi-amor-por-Cuba/Assets
GfxDevice: creating device client; threaded=0; jobified=0
Direct3D:
    Version:  Direct3D 11.0 [level 11.1]
    Renderer: NVIDIA GeForce RTX 2060 with Max-Q Design (ID=0x1f12)
    Vendor:   NVIDIA
    VRAM:     5968 MB
    Driver:   31.0.15.2737
Initialize mono
Mono path[0] = 'C:/2021.3.13f1/Editor/Data/Managed'
Mono path[1] = 'C:/2021.3.13f1/Editor/Data/MonoBleedingEdge/lib/mono/unityjit-win32'
Mono config path = 'C:/2021.3.13f1/Editor/Data/MonoBleedingEdge/etc'
Using monoOptions --debugger-agent=transport=dt_socket,embedding=1,server=y,suspend=n,address=127.0.0.1:56092
Begin MonoManager ReloadAssembly
Registering precompiled unity dll's ...
Register platform support module: C:/2021.3.13f1/Editor/Data/PlaybackEngines/WindowsStandaloneSupport/UnityEditor.WindowsStandalone.Extensions.dll
Registered in 0.007282 seconds.
Native extension for WindowsStandalone target not found
Refreshing native plugins compatible for Editor in 58.96 ms, found 2 plugins.
Preloading 0 native plugins for Editor in 0.00 ms.
Mono: successfully reloaded assembly
- Completed reload, in  0.651 seconds
Domain Reload Profiling:
	ReloadAssembly (652ms)
		BeginReloadAssembly (95ms)
			ExecutionOrderSort (0ms)
			DisableScriptedObjects (0ms)
			BackupInstance (0ms)
			ReleaseScriptingObjects (0ms)
			CreateAndSetChildDomain (1ms)
		EndReloadAssembly (446ms)
			LoadAssemblies (93ms)
			RebuildTransferFunctionScriptingTraits (0ms)
			SetupTypeCache (114ms)
			ReleaseScriptCaches (0ms)
			RebuildScriptCaches (26ms)
			SetupLoadedEditorAssemblies (255ms)
				LogAssemblyErrors (0ms)
				InitializePlatformSupportModulesInManaged (6ms)
				SetLoadedEditorAssemblies (0ms)
				RefreshPlugins (59ms)
				BeforeProcessingInitializeOnLoad (1ms)
				ProcessInitializeOnLoadAttributes (142ms)
				ProcessInitializeOnLoadMethodAttributes (47ms)
				AfterProcessingInitializeOnLoad (0ms)
				EditorAssembliesLoaded (0ms)
			ExecutionOrderSort2 (0ms)
			AwakeInstancesAfterBackupRestoration (0ms)
Platform modules already initialized, skipping
Registering precompiled user dll's ...
Registered in 0.006346 seconds.
Begin MonoManager ReloadAssembly
Native extension for WindowsStandalone target not found
Refreshing native plugins compatible for Editor in 64.08 ms, found 2 plugins.
Preloading 0 native plugins for Editor in 0.00 ms.
Mono: successfully reloaded assembly
- Completed reload, in  1.491 seconds
Domain Reload Profiling:
	ReloadAssembly (1492ms)
		BeginReloadAssembly (108ms)
			ExecutionOrderSort (0ms)
			DisableScriptedObjects (5ms)
			BackupInstance (0ms)
			ReleaseScriptingObjects (0ms)
			CreateAndSetChildDomain (19ms)
		EndReloadAssembly (1268ms)
			LoadAssemblies (137ms)
			RebuildTransferFunctionScriptingTraits (0ms)
			SetupTypeCache (228ms)
			ReleaseScriptCaches (1ms)
			RebuildScriptCaches (59ms)
			SetupLoadedEditorAssemblies (806ms)
				LogAssemblyErrors (0ms)
				InitializePlatformSupportModulesInManaged (3ms)
				SetLoadedEditorAssemblies (0ms)
				RefreshPlugins (64ms)
				BeforeProcessingInitializeOnLoad (93ms)
				ProcessInitializeOnLoadAttributes (541ms)
				ProcessInitializeOnLoadMethodAttributes (96ms)
				AfterProcessingInitializeOnLoad (9ms)
				EditorAssembliesLoaded (0ms)
			ExecutionOrderSort2 (0ms)
			AwakeInstancesAfterBackupRestoration (7ms)
Platform modules already initialized, skipping
========================================================================
Worker process is ready to serve import requests
Launched and connected shader compiler UnityShaderCompiler.exe after 0.08 seconds
Refreshing native plugins compatible for Editor in 0.85 ms, found 2 plugins.
Preloading 0 native plugins for Editor in 0.00 ms.
Unloading 4020 Unused Serialized files (Serialized files now loaded: 0)
Unloading 172 unused Assets / (0.9 MB). Loaded Objects now: 4463.
Memory consumption went from 183.5 MB to 182.6 MB.
Total: 4.242500 ms (FindLiveObjects: 0.353500 ms CreateObjectMapping: 0.342600 ms MarkObjects: 3.020700 ms  DeleteObjects: 0.524800 ms)

AssetImportParameters requested are different than current active one (requested -> active):
  custom:video-decoder-ogg-theora: a1e56fd34408186e4bbccfd4996cb3dc -> 
  custom:container-muxer-webm: aa71ff27fc2769a1b78a27578f13a17b -> 
  custom:container-demuxer-webm: 4f35f7cbe854078d1ac9338744f61a02 -> 
  custom:video-encoder-webm-vp8: eb34c28f22e8b96e1ab97ce403110664 -> 
  custom:video-codec-MediaFoundation-h265: 746d11721c4dcdbdad8f713fa42b33f4 -> 
  custom:audio-encoder-webm-vorbis: bf7c407c2cedff20999df2af8eb42d56 -> 
  custom:framework-win-MediaFoundation: 216162199b28c13a410421893ffa2e32 -> 
  custom:container-demuxer-ogg: 62fdf1f143b41e24485cea50d1cbac27 -> 
  custom:video-decoder-webm-vp8: 9c59270c3fd7afecdb556c50c9e8de78 -> 
  custom:audio-decoder-ogg-vorbis: bf7c407c2cedff20999df2af8eb42d56 -> 
========================================================================
Received Import Request.
  Time since last request: 4952.323763 seconds.
  path: Assets/Scenes/Game/Main Camera Profile.asset
  artifactKey: Guid(c01bca6fbde7d8946815e5a611cb11d7) Importer(815301076,1909f56bfc062723c751e8b465ee728b)
Start importing Assets/Scenes/Game/Main Camera Profile.asset using Guid(c01bca6fbde7d8946815e5a611cb11d7) Importer(815301076,1909f56bfc062723c751e8b465ee728b)  -> (artifact id: 'ecfaa128d3217c8e9d5bc71c6fcab7a9') in 0.038687 seconds 
========================================================================
Received Import Request.
  Time since last request: 3.989674 seconds.
  path: Assets/Assets/Texturas/T_Arcilla.png
  artifactKey: Guid(a6a90a5a443795a47bc9a1e3936aed95) Importer(815301076,1909f56bfc062723c751e8b465ee728b)
Start importing Assets/Assets/Texturas/T_Arcilla.png using Guid(a6a90a5a443795a47bc9a1e3936aed95) Importer(815301076,1909f56bfc062723c751e8b465ee728b)  -> (artifact id: 'aa5e7e09e8ad4512ac18fe0aaf738555') in 0.075932 seconds 
========================================================================
Received Import Request.
  Time since last request: 0.000018 seconds.
  path: Assets/Assets/Texturas/T_Pasto0.png
  artifactKey: Guid(977f2fb688f3ad149a5af64e55906378) Importer(815301076,1909f56bfc062723c751e8b465ee728b)
Start importing Assets/Assets/Texturas/T_Pasto0.png using Guid(977f2fb688f3ad149a5af64e55906378) Importer(815301076,1909f56bfc062723c751e8b465ee728b)  -> (artifact id: 'c1cf4a49c1b729bf7ddf51af44105620') in 0.014311 seconds 
========================================================================
Received Import Request.
  Time since last request: 0.000027 seconds.
  path: Assets/Assets/Texturas/T_Tierra0.png
  artifactKey: Guid(6c62ed9be0b989946b4b3ff77f1740f1) Importer(815301076,1909f56bfc062723c751e8b465ee728b)
Start importing Assets/Assets/Texturas/T_Tierra0.png using Guid(6c62ed9be0b989946b4b3ff77f1740f1) Importer(815301076,1909f56bfc062723c751e8b465ee728b)  -> (artifact id: 'a81efb007dd7f542c1a5f0a223d3c2eb') in 0.012029 seconds 
========================================================================
Received Import Request.
  Time since last request: 0.000022 seconds.
  path: Assets/Assets/Texturas/T_Oro2.png
  artifactKey: Guid(73e99d9bc1dfc7e44b691f8bd92c1930) Importer(815301076,1909f56bfc062723c751e8b465ee728b)
Start importing Assets/Assets/Texturas/T_Oro2.png using Guid(73e99d9bc1dfc7e44b691f8bd92c1930) Importer(815301076,1909f56bfc062723c751e8b465ee728b)  -> (artifact id: '1852d189005b745e493cd171f558e461') in 0.016235 seconds 
========================================================================
Received Import Request.
  Time since last request: 0.000018 seconds.
  path: Assets/Assets/Texturas/T_Madera0.png
  artifactKey: Guid(e5e39647992c6f84389228ffbab1fbe3) Importer(815301076,1909f56bfc062723c751e8b465ee728b)
Start importing Assets/Assets/Texturas/T_Madera0.png using Guid(e5e39647992c6f84389228ffbab1fbe3) Importer(815301076,1909f56bfc062723c751e8b465ee728b)  -> (artifact id: 'ac9910d836c0359d67a1917980ef97ce') in 0.012976 seconds 
========================================================================
Received Import Request.
  Time since last request: 0.000014 seconds.
  path: Assets/Assets/Texturas/T_Marble.png
  artifactKey: Guid(8cfc639a422c11e4c9410cf610626d04) Importer(815301076,1909f56bfc062723c751e8b465ee728b)
Start importing Assets/Assets/Texturas/T_Marble.png using Guid(8cfc639a422c11e4c9410cf610626d04) Importer(815301076,1909f56bfc062723c751e8b465ee728b)  -> (artifact id: '8bbcfd113c8a593759a96612818762f6') in 0.012735 seconds 
========================================================================
Received Import Request.
  Time since last request: 0.000014 seconds.
  path: Assets/Assets/Texturas/T_Pasto3.png
  artifactKey: Guid(a596c2a8e1ed4934a97af929a9da1c7d) Importer(815301076,1909f56bfc062723c751e8b465ee728b)
Start importing Assets/Assets/Texturas/T_Pasto3.png using Guid(a596c2a8e1ed4934a97af929a9da1c7d) Importer(815301076,1909f56bfc062723c751e8b465ee728b)  -> (artifact id: '52d9698f55031265b98f1454f0a8d578') in 0.020286 seconds 
========================================================================
Received Import Request.
  Time since last request: 0.000015 seconds.
  path: Assets/Assets/Texturas/T_Oro1.png
  artifactKey: Guid(11da4ab3f1f27ba4ca7b2ce70331cdea) Importer(815301076,1909f56bfc062723c751e8b465ee728b)
Start importing Assets/Assets/Texturas/T_Oro1.png using Guid(11da4ab3f1f27ba4ca7b2ce70331cdea) Importer(815301076,1909f56bfc062723c751e8b465ee728b)  -> (artifact id: 'cf04bae41a0b341a5287807619c2e880') in 0.024503 seconds 
========================================================================
Received Import Request.
  Time since last request: 0.000019 seconds.
  path: Assets/Assets/Texturas/T_Blackstone.png
  artifactKey: Guid(1ba045d63c899e748a93b8600b4541a9) Importer(815301076,1909f56bfc062723c751e8b465ee728b)
Start importing Assets/Assets/Texturas/T_Blackstone.png using Guid(1ba045d63c899e748a93b8600b4541a9) Importer(815301076,1909f56bfc062723c751e8b465ee728b)  -> (artifact id: '39612957abf2dcd5456fbc7d46c11d2a') in 0.011352 seconds 
========================================================================
Received Import Request.
  Time since last request: 0.000018 seconds.
  path: Assets/Assets/Texturas/T_Pasto2.png
  artifactKey: Guid(59da12c76c03e154bb4f8bd4cfb9c47f) Importer(815301076,1909f56bfc062723c751e8b465ee728b)
Start importing Assets/Assets/Texturas/T_Pasto2.png using Guid(59da12c76c03e154bb4f8bd4cfb9c47f) Importer(815301076,1909f56bfc062723c751e8b465ee728b)  -> (artifact id: 'ee36405dd0b514053a9fa2b4d272b488') in 0.018316 seconds 
